{"F:\\Tampere\\code_coverage\\TurnUp\\src\\utils\\convertToReadableTime.ts": {"path":"F:\\Tampere\\code_coverage\\TurnUp\\src\\utils\\convertToReadableTime.ts","all":false,"statementMap":{"0":{"start":{"line":1,"column":0},"end":{"line":1,"column":63}},"1":{"start":{"line":2,"column":0},"end":{"line":2,"column":34}},"2":{"start":{"line":3,"column":0},"end":{"line":3,"column":73}},"3":{"start":{"line":4,"column":0},"end":{"line":4,"column":77}},"4":{"start":{"line":5,"column":0},"end":{"line":5,"column":68}},"5":{"start":{"line":6,"column":0},"end":{"line":6,"column":27}},"6":{"start":{"line":7,"column":0},"end":{"line":7,"column":1}}},"s":{"0":1,"1":6,"2":6,"3":6,"4":6,"5":6,"6":6},"branchMap":{"0":{"type":"branch","line":1,"loc":{"start":{"line":1,"column":37},"end":{"line":7,"column":1}},"locations":[{"start":{"line":1,"column":37},"end":{"line":7,"column":1}}]}},"b":{"0":[6]},"fnMap":{"0":{"name":"convertToReadableTime","decl":{"start":{"line":1,"column":37},"end":{"line":7,"column":1}},"loc":{"start":{"line":1,"column":37},"end":{"line":7,"column":1}},"line":1}},"f":{"0":6}}
}
